<!DOCTYPE html>

<html>
  <head>
  <meta charset='utf-8'>
  <title>TestNG reports</title>

    <link type="text/css" href="testng-reports1.css" rel="stylesheet" id="ultra" />
    <link type="text/css" href="testng-reports.css" rel="stylesheet" id="retro" disabled="false"/>
    <script type="text/javascript" src="jquery.min.js"></script>
    <script type="text/javascript" src="testng-reports.js"></script>
    <script type="text/javascript" src="https://www.google.com/jsapi"></script>
    <script type='text/javascript'>
      google.load('visualization', '1', {packages:['table']});
      google.setOnLoadCallback(drawTable);
      var suiteTableInitFunctions = new Array();
      var suiteTableData = new Array();
    </script>
    <!--
      <script type="text/javascript" src="jquery-ui/js/jquery-ui-1.8.16.custom.min.js"></script>
     -->
  </head>

  <body>
    <div class="top-banner-root">
      <span class="top-banner-title-font">Test results</span>
      <button id="button" class="button">Switch Retro Theme</button> <!-- button -->
      <br/>
      <span class="top-banner-font-1">1 suite, 4 failed tests</span>
    </div> <!-- top-banner-root -->
    <div class="navigator-root">
      <div class="navigator-suite-header">
        <span>All suites</span>
        <a href="#" title="Collapse/expand all the suites" class="collapse-all-link">
          <img src="collapseall.gif" class="collapse-all-icon">
          </img> <!-- collapse-all-icon -->
        </a> <!-- collapse-all-link -->
      </div> <!-- navigator-suite-header -->
      <div class="suite">
        <div class="rounded-window">
          <div class="suite-header light-rounded-window-top">
            <a href="#" panel-name="suite-Suite" class="navigator-link">
              <span class="suite-name border-failed">Suite</span>
            </a> <!-- navigator-link -->
          </div> <!-- suite-header light-rounded-window-top -->
          <div class="navigator-suite-content">
            <div class="suite-section-title">
              <span>Info</span>
            </div> <!-- suite-section-title -->
            <div class="suite-section-content">
              <ul>
                <li>
                  <a href="#" panel-name="test-xml-Suite" class="navigator-link ">
                    <span>C:\Users\Soft\git\ProjectWW\testng.xml</span>
                  </a> <!-- navigator-link  -->
                </li>
                <li>
                  <a href="#" panel-name="testlist-Suite" class="navigator-link ">
                    <span class="test-stats">1 test</span>
                  </a> <!-- navigator-link  -->
                </li>
                <li>
                  <a href="#" panel-name="group-Suite" class="navigator-link ">
                    <span>0 groups</span>
                  </a> <!-- navigator-link  -->
                </li>
                <li>
                  <a href="#" panel-name="times-Suite" class="navigator-link ">
                    <span>Times</span>
                  </a> <!-- navigator-link  -->
                </li>
                <li>
                  <a href="#" panel-name="reporter-Suite" class="navigator-link ">
                    <span>Reporter output</span>
                  </a> <!-- navigator-link  -->
                </li>
                <li>
                  <a href="#" panel-name="ignored-methods-Suite" class="navigator-link ">
                    <span>Ignored methods</span>
                  </a> <!-- navigator-link  -->
                </li>
                <li>
                  <a href="#" panel-name="chronological-Suite" class="navigator-link ">
                    <span>Chronological view</span>
                  </a> <!-- navigator-link  -->
                </li>
              </ul>
            </div> <!-- suite-section-content -->
            <div class="result-section">
              <div class="suite-section-title">
                <span>Results</span>
              </div> <!-- suite-section-title -->
              <div class="suite-section-content">
                <ul>
                  <li>
                    <span class="method-stats">22 methods, 4 failed,  3 skipped,  15 passed</span>
                  </li>
                  <li>
                    <span class="method-list-title failed">Failed methods</span>
                    <span class="show-or-hide-methods failed">
                      <a href="#" panel-name="suite-Suite" class="hide-methods failed suite-Suite"> (hide)</a> <!-- hide-methods failed suite-Suite -->
                      <a href="#" panel-name="suite-Suite" class="show-methods failed suite-Suite"> (show)</a> <!-- show-methods failed suite-Suite -->
                    </span>
                    <div class="method-list-content failed suite-Suite">
                      <span>
                        <img src="failed.png" width="3%"/>
                        <a href="#" panel-name="suite-Suite" title="com.Remosys.Wevend.TestLayer.TestGumBallPage" class="method navigator-link" hash-for-method="doPayment">doPayment</a> <!-- method navigator-link -->
                      </span>
                      <br/>
                      <span>
                        <img src="failed.png" width="3%"/>
                        <a href="#" panel-name="suite-Suite" title="com.Remosys.Wevend.TestLayer.TestHabcoPage" class="method navigator-link" hash-for-method="doPayment">doPayment</a> <!-- method navigator-link -->
                      </span>
                      <br/>
                      <span>
                        <img src="failed.png" width="3%"/>
                        <a href="#" panel-name="suite-Suite" title="com.Remosys.Wevend.TestLayer.TestCarwash" class="method navigator-link" hash-for-method="verifyCountdownTimerPage">verifyCountdownTimerPage</a> <!-- method navigator-link -->
                      </span>
                      <br/>
                      <span>
                        <img src="failed.png" width="3%"/>
                        <a href="#" panel-name="suite-Suite" title="com.Remosys.Wevend.TestLayer.TestWevendStore" class="method navigator-link" hash-for-method="verifySuccessPage">verifySuccessPage</a> <!-- method navigator-link -->
                      </span>
                      <br/>
                    </div> <!-- method-list-content failed suite-Suite -->
                  </li>
                  <li>
                    <span class="method-list-title skipped">Skipped methods</span>
                    <span class="show-or-hide-methods skipped">
                      <a href="#" panel-name="suite-Suite" class="hide-methods skipped suite-Suite"> (hide)</a> <!-- hide-methods skipped suite-Suite -->
                      <a href="#" panel-name="suite-Suite" class="show-methods skipped suite-Suite"> (show)</a> <!-- show-methods skipped suite-Suite -->
                    </span>
                    <div class="method-list-content skipped suite-Suite">
                      <span>
                        <img src="skipped.png" width="3%"/>
                        <a href="#" panel-name="suite-Suite" title="com.Remosys.Wevend.TestLayer.TestGumBallPage" class="method navigator-link" hash-for-method="verifySuccessPage">verifySuccessPage</a> <!-- method navigator-link -->
                      </span>
                      <br/>
                      <span>
                        <img src="skipped.png" width="3%"/>
                        <a href="#" panel-name="suite-Suite" title="com.Remosys.Wevend.TestLayer.TestHabcoPage" class="method navigator-link" hash-for-method="verifySuccessPage">verifySuccessPage</a> <!-- method navigator-link -->
                      </span>
                      <br/>
                      <span>
                        <img src="skipped.png" width="3%"/>
                        <a href="#" panel-name="suite-Suite" title="com.Remosys.Wevend.TestLayer.TestCarwash" class="method navigator-link" hash-for-method="verifySuccessfulPaymentPage">verifySuccessfulPaymentPage</a> <!-- method navigator-link -->
                      </span>
                      <br/>
                    </div> <!-- method-list-content skipped suite-Suite -->
                  </li>
                  <li>
                    <span class="method-list-title passed">Passed methods</span>
                    <span class="show-or-hide-methods passed">
                      <a href="#" panel-name="suite-Suite" class="hide-methods passed suite-Suite"> (hide)</a> <!-- hide-methods passed suite-Suite -->
                      <a href="#" panel-name="suite-Suite" class="show-methods passed suite-Suite"> (show)</a> <!-- show-methods passed suite-Suite -->
                    </span>
                    <div class="method-list-content passed suite-Suite">
                      <span>
                        <img src="passed.png" width="3%"/>
                        <a href="#" panel-name="suite-Suite" title="com.Remosys.Wevend.TestLayer.TestHabcoPage" class="method navigator-link" hash-for-method="navigateCheckoutPageTest">navigateCheckoutPageTest</a> <!-- method navigator-link -->
                      </span>
                      <br/>
                      <span>
                        <img src="passed.png" width="3%"/>
                        <a href="#" panel-name="suite-Suite" title="com.Remosys.Wevend.TestLayer.TestGumBallPage" class="method navigator-link" hash-for-method="navigateCheckoutPageTest">navigateCheckoutPageTest</a> <!-- method navigator-link -->
                      </span>
                      <br/>
                      <span>
                        <img src="passed.png" width="3%"/>
                        <a href="#" panel-name="suite-Suite" title="com.Remosys.Wevend.TestLayer.TestGumBallPage" class="method navigator-link" hash-for-method="navigatePaymentPage">navigatePaymentPage</a> <!-- method navigator-link -->
                      </span>
                      <br/>
                      <span>
                        <img src="passed.png" width="3%"/>
                        <a href="#" panel-name="suite-Suite" title="com.Remosys.Wevend.TestLayer.TestHabcoPage" class="method navigator-link" hash-for-method="navigatePaymentPage">navigatePaymentPage</a> <!-- method navigator-link -->
                      </span>
                      <br/>
                      <span>
                        <img src="passed.png" width="3%"/>
                        <a href="#" panel-name="suite-Suite" title="com.Remosys.Wevend.TestLayer.TestWevendStore" class="method navigator-link" hash-for-method="verifyAddTocart">verifyAddTocart</a> <!-- method navigator-link -->
                      </span>
                      <br/>
                      <span>
                        <img src="passed.png" width="3%"/>
                        <a href="#" panel-name="suite-Suite" title="com.Remosys.Wevend.TestLayer.TestGumBallPage" class="method navigator-link" hash-for-method="verifyAddtocartFunctionality">verifyAddtocartFunctionality</a> <!-- method navigator-link -->
                      </span>
                      <br/>
                      <span>
                        <img src="passed.png" width="3%"/>
                        <a href="#" panel-name="suite-Suite" title="com.Remosys.Wevend.TestLayer.TestHabcoPage" class="method navigator-link" hash-for-method="verifyAddtocartFunctionality">verifyAddtocartFunctionality</a> <!-- method navigator-link -->
                      </span>
                      <br/>
                      <span>
                        <img src="passed.png" width="3%"/>
                        <a href="#" panel-name="suite-Suite" title="com.Remosys.Wevend.TestLayer.TestCarwash" class="method navigator-link" hash-for-method="verifyAmountSelection">verifyAmountSelection</a> <!-- method navigator-link -->
                      </span>
                      <br/>
                      <span>
                        <img src="passed.png" width="3%"/>
                        <a href="#" panel-name="suite-Suite" title="com.Remosys.Wevend.TestLayer.TestWevendStore" class="method navigator-link" hash-for-method="verifyCheckoutPage">verifyCheckoutPage</a> <!-- method navigator-link -->
                      </span>
                      <br/>
                      <span>
                        <img src="passed.png" width="3%"/>
                        <a href="#" panel-name="suite-Suite" title="com.Remosys.Wevend.TestLayer.TestGumBallPage" class="method navigator-link" hash-for-method="verifyGumballLaunch">verifyGumballLaunch</a> <!-- method navigator-link -->
                      </span>
                      <br/>
                      <span>
                        <img src="passed.png" width="3%"/>
                        <a href="#" panel-name="suite-Suite" title="com.Remosys.Wevend.TestLayer.TestHabcoPage" class="method navigator-link" hash-for-method="verifyHabcoLaunch">verifyHabcoLaunch</a> <!-- method navigator-link -->
                      </span>
                      <br/>
                      <span>
                        <img src="passed.png" width="3%"/>
                        <a href="#" panel-name="suite-Suite" title="com.Remosys.Wevend.TestLayer.TestWevendStore" class="method navigator-link" hash-for-method="verifyPaymentGateway">verifyPaymentGateway</a> <!-- method navigator-link -->
                      </span>
                      <br/>
                      <span>
                        <img src="passed.png" width="3%"/>
                        <a href="#" panel-name="suite-Suite" title="com.Remosys.Wevend.TestLayer.TestCarwash" class="method navigator-link" hash-for-method="verifyPaymentGatewaypage">verifyPaymentGatewaypage</a> <!-- method navigator-link -->
                      </span>
                      <br/>
                      <span>
                        <img src="passed.png" width="3%"/>
                        <a href="#" panel-name="suite-Suite" title="com.Remosys.Wevend.TestLayer.TestWevendStore" class="method navigator-link" hash-for-method="verifyWevendLaunch">verifyWevendLaunch</a> <!-- method navigator-link -->
                      </span>
                      <br/>
                      <span>
                        <img src="passed.png" width="3%"/>
                        <a href="#" panel-name="suite-Suite" title="com.Remosys.Wevend.TestLayer.TestCarwash" class="method navigator-link" hash-for-method="verifylaunchCarWash">verifylaunchCarWash</a> <!-- method navigator-link -->
                      </span>
                      <br/>
                    </div> <!-- method-list-content passed suite-Suite -->
                  </li>
                </ul>
              </div> <!-- suite-section-content -->
            </div> <!-- result-section -->
          </div> <!-- navigator-suite-content -->
        </div> <!-- rounded-window -->
      </div> <!-- suite -->
    </div> <!-- navigator-root -->
    <div class="wrapper">
      <div class="main-panel-root">
        <div panel-name="suite-Suite" class="panel Suite">
          <div class="suite-Suite-class-failed">
            <div class="main-panel-header rounded-window-top">
              <img src="failed.png"/>
              <span class="class-name">com.Remosys.Wevend.TestLayer.TestCarwash</span>
            </div> <!-- main-panel-header rounded-window-top -->
            <div class="main-panel-content rounded-window-bottom">
              <div class="method">
                <div class="method-content">
                  <a name="verifyCountdownTimerPage">
                  </a> <!-- verifyCountdownTimerPage -->
                  <span class="method-name">verifyCountdownTimerPage</span>
                  <div class="stack-trace">org.openqa.selenium.TimeoutException: Expected condition failed: waiting for visibility of Proxy element for: DefaultElementLocator &apos;By.className: timer&apos; (tried for 15 second(s) with 500 milliseconds interval)
	at org.openqa.selenium.support.ui.WebDriverWait.timeoutException(WebDriverWait.java:84)
	at org.openqa.selenium.support.ui.FluentWait.until(FluentWait.java:230)
	at com.Remosys.WeVend.utility.Utility.waitForVisibilityOfElement(Utility.java:104)
	at com.Remosys.WeVend.PageLayer.CarWash.selectAuthorizeBtn(CarWash.java:233)
	at com.Remosys.Wevend.TestLayer.TestCarwash.verifyCountdownTimerPage(TestCarwash.java:111)
	at java.base/java.util.ArrayList.forEach(ArrayList.java:1511)
Caused by: org.openqa.selenium.NoSuchElementException: no such element: Unable to locate element: {&quot;method&quot;:&quot;css selector&quot;,&quot;selector&quot;:&quot;.timer&quot;}
  (Session info: chrome=119.0.6045.106)
For documentation on this error, please visit: https://www.selenium.dev/documentation/webdriver/troubleshooting/errors#no-such-element-exception
Build info: version: &apos;4.13.0&apos;, revision: &apos;ba948ece5b*&apos;
System info: os.name: &apos;Windows 11&apos;, os.arch: &apos;amd64&apos;, os.version: &apos;10.0&apos;, java.version: &apos;17.0.7&apos;
Driver info: org.openqa.selenium.chrome.ChromeDriver
Command: [48b52ef082123e8383feff5b9c8c1a22, findElement {using=class name, value=timer}]
Capabilities {acceptInsecureCerts: false, browserName: chrome, browserVersion: 119.0.6045.106, chrome: {chromedriverVersion: 119.0.6045.105 (38c72552c5e..., userDataDir: C:\Users\Soft\AppData\Local...}, fedcm:accounts: true, goog:chromeOptions: {debuggerAddress: localhost:52418}, networkConnectionEnabled: false, pageLoadStrategy: normal, platformName: windows, proxy: Proxy(), se:cdp: ws://localhost:52418/devtoo..., se:cdpVersion: 119.0.6045.106, setWindowRect: true, strictFileInteractability: false, timeouts: {implicit: 0, pageLoad: 300000, script: 30000}, unhandledPromptBehavior: dismiss and notify, webauthn:extension:credBlob: true, webauthn:extension:largeBlob: true, webauthn:extension:minPinLength: true, webauthn:extension:prf: true, webauthn:virtualAuthenticators: true}
Session ID: 48b52ef082123e8383feff5b9c8c1a22
	at org.openqa.selenium.remote.codec.w3c.W3CHttpResponseCodec.createException(W3CHttpResponseCodec.java:200)
	at org.openqa.selenium.remote.codec.w3c.W3CHttpResponseCodec.decode(W3CHttpResponseCodec.java:133)
	at org.openqa.selenium.remote.codec.w3c.W3CHttpResponseCodec.decode(W3CHttpResponseCodec.java:52)
	at org.openqa.selenium.remote.HttpCommandExecutor.execute(HttpCommandExecutor.java:191)
	at org.openqa.selenium.remote.service.DriverCommandExecutor.invokeExecute(DriverCommandExecutor.java:196)
	at org.openqa.selenium.remote.service.DriverCommandExecutor.execute(DriverCommandExecutor.java:171)
	at org.openqa.selenium.remote.RemoteWebDriver.execute(RemoteWebDriver.java:602)
	at org.openqa.selenium.remote.ElementLocation$ElementFinder$2.findElement(ElementLocation.java:165)
	at org.openqa.selenium.remote.ElementLocation.findElement(ElementLocation.java:59)
	at org.openqa.selenium.remote.RemoteWebDriver.findElement(RemoteWebDriver.java:359)
	at org.openqa.selenium.remote.RemoteWebDriver.findElement(RemoteWebDriver.java:353)
	at org.openqa.selenium.support.pagefactory.DefaultElementLocator.findElement(DefaultElementLocator.java:68)
	at org.openqa.selenium.support.pagefactory.internal.LocatingElementHandler.invoke(LocatingElementHandler.java:38)
	at jdk.proxy2/jdk.proxy2.$Proxy20.isDisplayed(Unknown Source)
	at org.openqa.selenium.support.ui.ExpectedConditions.elementIfVisible(ExpectedConditions.java:304)
	at org.openqa.selenium.support.ui.ExpectedConditions.access$000(ExpectedConditions.java:37)
	at org.openqa.selenium.support.ui.ExpectedConditions$10.apply(ExpectedConditions.java:290)
	at org.openqa.selenium.support.ui.ExpectedConditions$10.apply(ExpectedConditions.java:287)
	at org.openqa.selenium.support.ui.FluentWait.until(FluentWait.java:205)
	... 31 more
... Removed 32 stack frames
</div> <!-- stack-trace -->
                </div> <!-- method-content -->
              </div> <!-- method -->
            </div> <!-- main-panel-content rounded-window-bottom -->
          </div> <!-- suite-Suite-class-failed -->
          <div class="suite-Suite-class-failed">
            <div class="main-panel-header rounded-window-top">
              <img src="failed.png"/>
              <span class="class-name">com.Remosys.Wevend.TestLayer.TestGumBallPage</span>
            </div> <!-- main-panel-header rounded-window-top -->
            <div class="main-panel-content rounded-window-bottom">
              <div class="method">
                <div class="method-content">
                  <a name="doPayment">
                  </a> <!-- doPayment -->
                  <span class="method-name">doPayment</span>
                  <div class="stack-trace">org.openqa.selenium.TimeoutException: Expected condition failed: waiting for visibility of Proxy element for: DefaultElementLocator &apos;By.xpath: //span[contains(text(),&apos;Thank you&apos;)]&apos; (tried for 15 second(s) with 500 milliseconds interval)
	at org.openqa.selenium.support.ui.WebDriverWait.timeoutException(WebDriverWait.java:84)
	at org.openqa.selenium.support.ui.FluentWait.until(FluentWait.java:230)
	at com.Remosys.WeVend.utility.Utility.waitForVisibilityOfElement(Utility.java:104)
	at com.Remosys.WeVend.PageLayer.HabcoPage.verifySuccessfulPayment(HabcoPage.java:248)
	at com.Remosys.Wevend.TestLayer.TestGumBallPage.doPayment(TestGumBallPage.java:160)
	at java.base/java.util.ArrayList.forEach(ArrayList.java:1511)
Caused by: org.openqa.selenium.NoSuchElementException: no such element: Unable to locate element: {&quot;method&quot;:&quot;xpath&quot;,&quot;selector&quot;:&quot;//span[contains(text(),&apos;Thank you&apos;)]&quot;}
  (Session info: chrome=119.0.6045.106)
For documentation on this error, please visit: https://www.selenium.dev/documentation/webdriver/troubleshooting/errors#no-such-element-exception
Build info: version: &apos;4.13.0&apos;, revision: &apos;ba948ece5b*&apos;
System info: os.name: &apos;Windows 11&apos;, os.arch: &apos;amd64&apos;, os.version: &apos;10.0&apos;, java.version: &apos;17.0.7&apos;
Driver info: org.openqa.selenium.chrome.ChromeDriver
Command: [35d4d507e904f62989b6a234184853ad, findElement {using=xpath, value=//span[contains(text(),&apos;Thank you&apos;)]}]
Capabilities {acceptInsecureCerts: false, browserName: chrome, browserVersion: 119.0.6045.106, chrome: {chromedriverVersion: 119.0.6045.105 (38c72552c5e..., userDataDir: C:\Users\Soft\AppData\Local...}, fedcm:accounts: true, goog:chromeOptions: {debuggerAddress: localhost:52537}, networkConnectionEnabled: false, pageLoadStrategy: normal, platformName: windows, proxy: Proxy(), se:cdp: ws://localhost:52537/devtoo..., se:cdpVersion: 119.0.6045.106, setWindowRect: true, strictFileInteractability: false, timeouts: {implicit: 0, pageLoad: 300000, script: 30000}, unhandledPromptBehavior: dismiss and notify, webauthn:extension:credBlob: true, webauthn:extension:largeBlob: true, webauthn:extension:minPinLength: true, webauthn:extension:prf: true, webauthn:virtualAuthenticators: true}
Session ID: 35d4d507e904f62989b6a234184853ad
	at org.openqa.selenium.remote.codec.w3c.W3CHttpResponseCodec.createException(W3CHttpResponseCodec.java:200)
	at org.openqa.selenium.remote.codec.w3c.W3CHttpResponseCodec.decode(W3CHttpResponseCodec.java:133)
	at org.openqa.selenium.remote.codec.w3c.W3CHttpResponseCodec.decode(W3CHttpResponseCodec.java:52)
	at org.openqa.selenium.remote.HttpCommandExecutor.execute(HttpCommandExecutor.java:191)
	at org.openqa.selenium.remote.service.DriverCommandExecutor.invokeExecute(DriverCommandExecutor.java:196)
	at org.openqa.selenium.remote.service.DriverCommandExecutor.execute(DriverCommandExecutor.java:171)
	at org.openqa.selenium.remote.RemoteWebDriver.execute(RemoteWebDriver.java:602)
	at org.openqa.selenium.remote.ElementLocation$ElementFinder$2.findElement(ElementLocation.java:165)
	at org.openqa.selenium.remote.ElementLocation.findElement(ElementLocation.java:59)
	at org.openqa.selenium.remote.RemoteWebDriver.findElement(RemoteWebDriver.java:359)
	at org.openqa.selenium.remote.RemoteWebDriver.findElement(RemoteWebDriver.java:353)
	at org.openqa.selenium.support.pagefactory.DefaultElementLocator.findElement(DefaultElementLocator.java:68)
	at org.openqa.selenium.support.pagefactory.internal.LocatingElementHandler.invoke(LocatingElementHandler.java:38)
	at jdk.proxy2/jdk.proxy2.$Proxy20.isDisplayed(Unknown Source)
	at org.openqa.selenium.support.ui.ExpectedConditions.elementIfVisible(ExpectedConditions.java:304)
	at org.openqa.selenium.support.ui.ExpectedConditions.access$000(ExpectedConditions.java:37)
	at org.openqa.selenium.support.ui.ExpectedConditions$10.apply(ExpectedConditions.java:290)
	at org.openqa.selenium.support.ui.ExpectedConditions$10.apply(ExpectedConditions.java:287)
	at org.openqa.selenium.support.ui.FluentWait.until(FluentWait.java:205)
	... 31 more
... Removed 32 stack frames
</div> <!-- stack-trace -->
                </div> <!-- method-content -->
              </div> <!-- method -->
            </div> <!-- main-panel-content rounded-window-bottom -->
          </div> <!-- suite-Suite-class-failed -->
          <div class="suite-Suite-class-failed">
            <div class="main-panel-header rounded-window-top">
              <img src="failed.png"/>
              <span class="class-name">com.Remosys.Wevend.TestLayer.TestHabcoPage</span>
            </div> <!-- main-panel-header rounded-window-top -->
            <div class="main-panel-content rounded-window-bottom">
              <div class="method">
                <div class="method-content">
                  <a name="doPayment">
                  </a> <!-- doPayment -->
                  <span class="method-name">doPayment</span>
                  <div class="stack-trace">org.openqa.selenium.TimeoutException: Expected condition failed: waiting for visibility of Proxy element for: DefaultElementLocator &apos;By.xpath: //span[contains(text(),&apos;Thank you&apos;)]&apos; (tried for 15 second(s) with 500 milliseconds interval)
	at org.openqa.selenium.support.ui.WebDriverWait.timeoutException(WebDriverWait.java:84)
	at org.openqa.selenium.support.ui.FluentWait.until(FluentWait.java:230)
	at com.Remosys.WeVend.utility.Utility.waitForVisibilityOfElement(Utility.java:104)
	at com.Remosys.WeVend.PageLayer.HabcoPage.verifySuccessfulPayment(HabcoPage.java:248)
	at com.Remosys.Wevend.TestLayer.TestHabcoPage.doPayment(TestHabcoPage.java:173)
	at java.base/java.util.ArrayList.forEach(ArrayList.java:1511)
Caused by: org.openqa.selenium.NoSuchElementException: no such element: Unable to locate element: {&quot;method&quot;:&quot;xpath&quot;,&quot;selector&quot;:&quot;//span[contains(text(),&apos;Thank you&apos;)]&quot;}
  (Session info: chrome=119.0.6045.106)
For documentation on this error, please visit: https://www.selenium.dev/documentation/webdriver/troubleshooting/errors#no-such-element-exception
Build info: version: &apos;4.13.0&apos;, revision: &apos;ba948ece5b*&apos;
System info: os.name: &apos;Windows 11&apos;, os.arch: &apos;amd64&apos;, os.version: &apos;10.0&apos;, java.version: &apos;17.0.7&apos;
Driver info: org.openqa.selenium.chrome.ChromeDriver
Command: [fed4ff720301b68e6a6e42ce4b831dcb, findElement {using=xpath, value=//span[contains(text(),&apos;Thank you&apos;)]}]
Capabilities {acceptInsecureCerts: false, browserName: chrome, browserVersion: 119.0.6045.106, chrome: {chromedriverVersion: 119.0.6045.105 (38c72552c5e..., userDataDir: C:\Users\Soft\AppData\Local...}, fedcm:accounts: true, goog:chromeOptions: {debuggerAddress: localhost:52478}, networkConnectionEnabled: false, pageLoadStrategy: normal, platformName: windows, proxy: Proxy(), se:cdp: ws://localhost:52478/devtoo..., se:cdpVersion: 119.0.6045.106, setWindowRect: true, strictFileInteractability: false, timeouts: {implicit: 0, pageLoad: 300000, script: 30000}, unhandledPromptBehavior: dismiss and notify, webauthn:extension:credBlob: true, webauthn:extension:largeBlob: true, webauthn:extension:minPinLength: true, webauthn:extension:prf: true, webauthn:virtualAuthenticators: true}
Session ID: fed4ff720301b68e6a6e42ce4b831dcb
	at org.openqa.selenium.remote.codec.w3c.W3CHttpResponseCodec.createException(W3CHttpResponseCodec.java:200)
	at org.openqa.selenium.remote.codec.w3c.W3CHttpResponseCodec.decode(W3CHttpResponseCodec.java:133)
	at org.openqa.selenium.remote.codec.w3c.W3CHttpResponseCodec.decode(W3CHttpResponseCodec.java:52)
	at org.openqa.selenium.remote.HttpCommandExecutor.execute(HttpCommandExecutor.java:191)
	at org.openqa.selenium.remote.service.DriverCommandExecutor.invokeExecute(DriverCommandExecutor.java:196)
	at org.openqa.selenium.remote.service.DriverCommandExecutor.execute(DriverCommandExecutor.java:171)
	at org.openqa.selenium.remote.RemoteWebDriver.execute(RemoteWebDriver.java:602)
	at org.openqa.selenium.remote.ElementLocation$ElementFinder$2.findElement(ElementLocation.java:165)
	at org.openqa.selenium.remote.ElementLocation.findElement(ElementLocation.java:59)
	at org.openqa.selenium.remote.RemoteWebDriver.findElement(RemoteWebDriver.java:359)
	at org.openqa.selenium.remote.RemoteWebDriver.findElement(RemoteWebDriver.java:353)
	at org.openqa.selenium.support.pagefactory.DefaultElementLocator.findElement(DefaultElementLocator.java:68)
	at org.openqa.selenium.support.pagefactory.internal.LocatingElementHandler.invoke(LocatingElementHandler.java:38)
	at jdk.proxy2/jdk.proxy2.$Proxy20.isDisplayed(Unknown Source)
	at org.openqa.selenium.support.ui.ExpectedConditions.elementIfVisible(ExpectedConditions.java:304)
	at org.openqa.selenium.support.ui.ExpectedConditions.access$000(ExpectedConditions.java:37)
	at org.openqa.selenium.support.ui.ExpectedConditions$10.apply(ExpectedConditions.java:290)
	at org.openqa.selenium.support.ui.ExpectedConditions$10.apply(ExpectedConditions.java:287)
	at org.openqa.selenium.support.ui.FluentWait.until(FluentWait.java:205)
	... 31 more
... Removed 32 stack frames
</div> <!-- stack-trace -->
                </div> <!-- method-content -->
              </div> <!-- method -->
            </div> <!-- main-panel-content rounded-window-bottom -->
          </div> <!-- suite-Suite-class-failed -->
          <div class="suite-Suite-class-failed">
            <div class="main-panel-header rounded-window-top">
              <img src="failed.png"/>
              <span class="class-name">com.Remosys.Wevend.TestLayer.TestWevendStore</span>
            </div> <!-- main-panel-header rounded-window-top -->
            <div class="main-panel-content rounded-window-bottom">
              <div class="method">
                <div class="method-content">
                  <a name="verifySuccessPage">
                  </a> <!-- verifySuccessPage -->
                  <span class="method-name">verifySuccessPage</span>
                  <div class="stack-trace">org.openqa.selenium.TimeoutException: Expected condition failed: waiting for visibility of Proxy element for: DefaultElementLocator &apos;By.xpath: //span[contains(text(),&apos;Thank you&apos;)]&apos; (tried for 15 second(s) with 500 milliseconds interval)
	at org.openqa.selenium.support.ui.WebDriverWait.timeoutException(WebDriverWait.java:84)
	at org.openqa.selenium.support.ui.FluentWait.until(FluentWait.java:230)
	at com.Remosys.WeVend.utility.Utility.waitForVisibilityOfElement(Utility.java:104)
	at com.Remosys.WeVend.PageLayer.WevendStore.verifySuccessfulPayment(WevendStore.java:280)
	at com.Remosys.Wevend.TestLayer.TestWevendStore.verifySuccessPage(TestWevendStore.java:174)
	at java.base/java.util.ArrayList.forEach(ArrayList.java:1511)
Caused by: org.openqa.selenium.NoSuchElementException: no such element: Unable to locate element: {&quot;method&quot;:&quot;xpath&quot;,&quot;selector&quot;:&quot;//span[contains(text(),&apos;Thank you&apos;)]&quot;}
  (Session info: chrome=119.0.6045.106)
For documentation on this error, please visit: https://www.selenium.dev/documentation/webdriver/troubleshooting/errors#no-such-element-exception
Build info: version: &apos;4.13.0&apos;, revision: &apos;ba948ece5b*&apos;
System info: os.name: &apos;Windows 11&apos;, os.arch: &apos;amd64&apos;, os.version: &apos;10.0&apos;, java.version: &apos;17.0.7&apos;
Driver info: org.openqa.selenium.chrome.ChromeDriver
Command: [28919430445b70f31a2a80d91f4f57e6, findElement {using=xpath, value=//span[contains(text(),&apos;Thank you&apos;)]}]
Capabilities {acceptInsecureCerts: false, browserName: chrome, browserVersion: 119.0.6045.106, chrome: {chromedriverVersion: 119.0.6045.105 (38c72552c5e..., userDataDir: C:\Users\Soft\AppData\Local...}, fedcm:accounts: true, goog:chromeOptions: {debuggerAddress: localhost:52361}, networkConnectionEnabled: false, pageLoadStrategy: normal, platformName: windows, proxy: Proxy(), se:cdp: ws://localhost:52361/devtoo..., se:cdpVersion: 119.0.6045.106, setWindowRect: true, strictFileInteractability: false, timeouts: {implicit: 0, pageLoad: 300000, script: 30000}, unhandledPromptBehavior: dismiss and notify, webauthn:extension:credBlob: true, webauthn:extension:largeBlob: true, webauthn:extension:minPinLength: true, webauthn:extension:prf: true, webauthn:virtualAuthenticators: true}
Session ID: 28919430445b70f31a2a80d91f4f57e6
	at org.openqa.selenium.remote.codec.w3c.W3CHttpResponseCodec.createException(W3CHttpResponseCodec.java:200)
	at org.openqa.selenium.remote.codec.w3c.W3CHttpResponseCodec.decode(W3CHttpResponseCodec.java:133)
	at org.openqa.selenium.remote.codec.w3c.W3CHttpResponseCodec.decode(W3CHttpResponseCodec.java:52)
	at org.openqa.selenium.remote.HttpCommandExecutor.execute(HttpCommandExecutor.java:191)
	at org.openqa.selenium.remote.service.DriverCommandExecutor.invokeExecute(DriverCommandExecutor.java:196)
	at org.openqa.selenium.remote.service.DriverCommandExecutor.execute(DriverCommandExecutor.java:171)
	at org.openqa.selenium.remote.RemoteWebDriver.execute(RemoteWebDriver.java:602)
	at org.openqa.selenium.remote.ElementLocation$ElementFinder$2.findElement(ElementLocation.java:165)
	at org.openqa.selenium.remote.ElementLocation.findElement(ElementLocation.java:59)
	at org.openqa.selenium.remote.RemoteWebDriver.findElement(RemoteWebDriver.java:359)
	at org.openqa.selenium.remote.RemoteWebDriver.findElement(RemoteWebDriver.java:353)
	at org.openqa.selenium.support.pagefactory.DefaultElementLocator.findElement(DefaultElementLocator.java:68)
	at org.openqa.selenium.support.pagefactory.internal.LocatingElementHandler.invoke(LocatingElementHandler.java:38)
	at jdk.proxy2/jdk.proxy2.$Proxy20.isDisplayed(Unknown Source)
	at org.openqa.selenium.support.ui.ExpectedConditions.elementIfVisible(ExpectedConditions.java:304)
	at org.openqa.selenium.support.ui.ExpectedConditions.access$000(ExpectedConditions.java:37)
	at org.openqa.selenium.support.ui.ExpectedConditions$10.apply(ExpectedConditions.java:290)
	at org.openqa.selenium.support.ui.ExpectedConditions$10.apply(ExpectedConditions.java:287)
	at org.openqa.selenium.support.ui.FluentWait.until(FluentWait.java:205)
	... 31 more
... Removed 32 stack frames
</div> <!-- stack-trace -->
                </div> <!-- method-content -->
              </div> <!-- method -->
            </div> <!-- main-panel-content rounded-window-bottom -->
          </div> <!-- suite-Suite-class-failed -->
          <div class="suite-Suite-class-skipped">
            <div class="main-panel-header rounded-window-top">
              <img src="skipped.png"/>
              <span class="class-name">com.Remosys.Wevend.TestLayer.TestCarwash</span>
            </div> <!-- main-panel-header rounded-window-top -->
            <div class="main-panel-content rounded-window-bottom">
              <div class="method">
                <div class="method-content">
                  <a name="verifySuccessfulPaymentPage">
                  </a> <!-- verifySuccessfulPaymentPage -->
                  <span class="method-name">verifySuccessfulPaymentPage</span>
                  <div class="stack-trace">java.lang.Throwable: Method TestCarwash.verifySuccessfulPaymentPage()[pri:0, instance:com.Remosys.Wevend.TestLayer.TestCarwash@2034b64c] depends on not successfully finished methods
	at java.base/java.util.ArrayList.forEach(ArrayList.java:1511)
... Removed 18 stack frames
</div> <!-- stack-trace -->
                </div> <!-- method-content -->
              </div> <!-- method -->
            </div> <!-- main-panel-content rounded-window-bottom -->
          </div> <!-- suite-Suite-class-skipped -->
          <div class="suite-Suite-class-skipped">
            <div class="main-panel-header rounded-window-top">
              <img src="skipped.png"/>
              <span class="class-name">com.Remosys.Wevend.TestLayer.TestGumBallPage</span>
            </div> <!-- main-panel-header rounded-window-top -->
            <div class="main-panel-content rounded-window-bottom">
              <div class="method">
                <div class="method-content">
                  <a name="verifySuccessPage">
                  </a> <!-- verifySuccessPage -->
                  <span class="method-name">verifySuccessPage</span>
                  <div class="stack-trace">java.lang.Throwable: Method TestGumBallPage.verifySuccessPage()[pri:0, instance:com.Remosys.Wevend.TestLayer.TestGumBallPage@74d1dc36] depends on not successfully finished methods
	at java.base/java.util.ArrayList.forEach(ArrayList.java:1511)
... Removed 18 stack frames
</div> <!-- stack-trace -->
                </div> <!-- method-content -->
              </div> <!-- method -->
            </div> <!-- main-panel-content rounded-window-bottom -->
          </div> <!-- suite-Suite-class-skipped -->
          <div class="suite-Suite-class-skipped">
            <div class="main-panel-header rounded-window-top">
              <img src="skipped.png"/>
              <span class="class-name">com.Remosys.Wevend.TestLayer.TestHabcoPage</span>
            </div> <!-- main-panel-header rounded-window-top -->
            <div class="main-panel-content rounded-window-bottom">
              <div class="method">
                <div class="method-content">
                  <a name="verifySuccessPage">
                  </a> <!-- verifySuccessPage -->
                  <span class="method-name">verifySuccessPage</span>
                  <div class="stack-trace">java.lang.Throwable: Method TestHabcoPage.verifySuccessPage()[pri:0, instance:com.Remosys.Wevend.TestLayer.TestHabcoPage@75d3a5e0] depends on not successfully finished methods
	at java.base/java.util.ArrayList.forEach(ArrayList.java:1511)
... Removed 18 stack frames
</div> <!-- stack-trace -->
                </div> <!-- method-content -->
              </div> <!-- method -->
            </div> <!-- main-panel-content rounded-window-bottom -->
          </div> <!-- suite-Suite-class-skipped -->
          <div class="suite-Suite-class-passed">
            <div class="main-panel-header rounded-window-top">
              <img src="passed.png"/>
              <span class="class-name">com.Remosys.Wevend.TestLayer.TestCarwash</span>
            </div> <!-- main-panel-header rounded-window-top -->
            <div class="main-panel-content rounded-window-bottom">
              <div class="method">
                <div class="method-content">
                  <a name="verifyAmountSelection">
                  </a> <!-- verifyAmountSelection -->
                  <span class="method-name">verifyAmountSelection</span>
                </div> <!-- method-content -->
              </div> <!-- method -->
              <div class="method">
                <div class="method-content">
                  <a name="verifyPaymentGatewaypage">
                  </a> <!-- verifyPaymentGatewaypage -->
                  <span class="method-name">verifyPaymentGatewaypage</span>
                </div> <!-- method-content -->
              </div> <!-- method -->
              <div class="method">
                <div class="method-content">
                  <a name="verifylaunchCarWash">
                  </a> <!-- verifylaunchCarWash -->
                  <span class="method-name">verifylaunchCarWash</span>
                </div> <!-- method-content -->
              </div> <!-- method -->
            </div> <!-- main-panel-content rounded-window-bottom -->
          </div> <!-- suite-Suite-class-passed -->
          <div class="suite-Suite-class-passed">
            <div class="main-panel-header rounded-window-top">
              <img src="passed.png"/>
              <span class="class-name">com.Remosys.Wevend.TestLayer.TestGumBallPage</span>
            </div> <!-- main-panel-header rounded-window-top -->
            <div class="main-panel-content rounded-window-bottom">
              <div class="method">
                <div class="method-content">
                  <a name="navigateCheckoutPageTest">
                  </a> <!-- navigateCheckoutPageTest -->
                  <span class="method-name">navigateCheckoutPageTest</span>
                </div> <!-- method-content -->
              </div> <!-- method -->
              <div class="method">
                <div class="method-content">
                  <a name="navigatePaymentPage">
                  </a> <!-- navigatePaymentPage -->
                  <span class="method-name">navigatePaymentPage</span>
                </div> <!-- method-content -->
              </div> <!-- method -->
              <div class="method">
                <div class="method-content">
                  <a name="verifyAddtocartFunctionality">
                  </a> <!-- verifyAddtocartFunctionality -->
                  <span class="method-name">verifyAddtocartFunctionality</span>
                </div> <!-- method-content -->
              </div> <!-- method -->
              <div class="method">
                <div class="method-content">
                  <a name="verifyGumballLaunch">
                  </a> <!-- verifyGumballLaunch -->
                  <span class="method-name">verifyGumballLaunch</span>
                </div> <!-- method-content -->
              </div> <!-- method -->
            </div> <!-- main-panel-content rounded-window-bottom -->
          </div> <!-- suite-Suite-class-passed -->
          <div class="suite-Suite-class-passed">
            <div class="main-panel-header rounded-window-top">
              <img src="passed.png"/>
              <span class="class-name">com.Remosys.Wevend.TestLayer.TestHabcoPage</span>
            </div> <!-- main-panel-header rounded-window-top -->
            <div class="main-panel-content rounded-window-bottom">
              <div class="method">
                <div class="method-content">
                  <a name="navigateCheckoutPageTest">
                  </a> <!-- navigateCheckoutPageTest -->
                  <span class="method-name">navigateCheckoutPageTest</span>
                </div> <!-- method-content -->
              </div> <!-- method -->
              <div class="method">
                <div class="method-content">
                  <a name="navigatePaymentPage">
                  </a> <!-- navigatePaymentPage -->
                  <span class="method-name">navigatePaymentPage</span>
                </div> <!-- method-content -->
              </div> <!-- method -->
              <div class="method">
                <div class="method-content">
                  <a name="verifyAddtocartFunctionality">
                  </a> <!-- verifyAddtocartFunctionality -->
                  <span class="method-name">verifyAddtocartFunctionality</span>
                </div> <!-- method-content -->
              </div> <!-- method -->
              <div class="method">
                <div class="method-content">
                  <a name="verifyHabcoLaunch">
                  </a> <!-- verifyHabcoLaunch -->
                  <span class="method-name">verifyHabcoLaunch</span>
                </div> <!-- method-content -->
              </div> <!-- method -->
            </div> <!-- main-panel-content rounded-window-bottom -->
          </div> <!-- suite-Suite-class-passed -->
          <div class="suite-Suite-class-passed">
            <div class="main-panel-header rounded-window-top">
              <img src="passed.png"/>
              <span class="class-name">com.Remosys.Wevend.TestLayer.TestWevendStore</span>
            </div> <!-- main-panel-header rounded-window-top -->
            <div class="main-panel-content rounded-window-bottom">
              <div class="method">
                <div class="method-content">
                  <a name="verifyAddTocart">
                  </a> <!-- verifyAddTocart -->
                  <span class="method-name">verifyAddTocart</span>
                </div> <!-- method-content -->
              </div> <!-- method -->
              <div class="method">
                <div class="method-content">
                  <a name="verifyCheckoutPage">
                  </a> <!-- verifyCheckoutPage -->
                  <span class="method-name">verifyCheckoutPage</span>
                </div> <!-- method-content -->
              </div> <!-- method -->
              <div class="method">
                <div class="method-content">
                  <a name="verifyPaymentGateway">
                  </a> <!-- verifyPaymentGateway -->
                  <span class="method-name">verifyPaymentGateway</span>
                </div> <!-- method-content -->
              </div> <!-- method -->
              <div class="method">
                <div class="method-content">
                  <a name="verifyWevendLaunch">
                  </a> <!-- verifyWevendLaunch -->
                  <span class="method-name">verifyWevendLaunch</span>
                </div> <!-- method-content -->
              </div> <!-- method -->
            </div> <!-- main-panel-content rounded-window-bottom -->
          </div> <!-- suite-Suite-class-passed -->
        </div> <!-- panel Suite -->
        <div panel-name="test-xml-Suite" class="panel">
          <div class="main-panel-header rounded-window-top">
            <span class="header-content">C:\Users\Soft\git\ProjectWW\testng.xml</span>
          </div> <!-- main-panel-header rounded-window-top -->
          <div class="main-panel-content rounded-window-bottom">
            <pre>
&lt;?xml version=&quot;1.0&quot; encoding=&quot;UTF-8&quot;?&gt;
&lt;!DOCTYPE suite SYSTEM &quot;https://testng.org/testng-1.0.dtd&quot;&gt;
&lt;suite name=&quot;Suite&quot; guice-stage=&quot;DEVELOPMENT&quot;&gt;
  &lt;test thread-count=&quot;5&quot; name=&quot;Wevend&quot;&gt;
    &lt;parameter name=&quot;browser&quot; value=&quot;chrome&quot;/&gt;
    &lt;classes&gt;
      &lt;class name=&quot;com.Remosys.Wevend.TestLayer.TestWevendStore&quot;/&gt;
      &lt;class name=&quot;com.Remosys.Wevend.TestLayer.TestCarwash&quot;/&gt;
      &lt;class name=&quot;com.Remosys.Wevend.TestLayer.TestHabcoPage&quot;/&gt;
      &lt;class name=&quot;com.Remosys.Wevend.TestLayer.TestGumBallPage&quot;/&gt;
    &lt;/classes&gt;
  &lt;/test&gt; &lt;!-- Wevend --&gt;
&lt;/suite&gt; &lt;!-- Suite --&gt;
            </pre>
          </div> <!-- main-panel-content rounded-window-bottom -->
        </div> <!-- panel -->
        <div panel-name="testlist-Suite" class="panel">
          <div class="main-panel-header rounded-window-top">
            <span class="header-content">Tests for Suite</span>
          </div> <!-- main-panel-header rounded-window-top -->
          <div class="main-panel-content rounded-window-bottom">
            <ul>
              <li>
                <span class="test-name">Wevend (4 classes)</span>
              </li>
            </ul>
          </div> <!-- main-panel-content rounded-window-bottom -->
        </div> <!-- panel -->
        <div panel-name="group-Suite" class="panel">
          <div class="main-panel-header rounded-window-top">
            <span class="header-content">Groups for Suite</span>
          </div> <!-- main-panel-header rounded-window-top -->
          <div class="main-panel-content rounded-window-bottom">
          </div> <!-- main-panel-content rounded-window-bottom -->
        </div> <!-- panel -->
        <div panel-name="times-Suite" class="panel">
          <div class="main-panel-header rounded-window-top">
            <span class="header-content">Times for Suite</span>
          </div> <!-- main-panel-header rounded-window-top -->
          <div class="main-panel-content rounded-window-bottom">
            <div class="times-div">
              <script type="text/javascript">
suiteTableInitFunctions.push('tableData_Suite');
function tableData_Suite() {
var data = new google.visualization.DataTable();
data.addColumn('number', 'Number');
data.addColumn('string', 'Method');
data.addColumn('string', 'Class');
data.addColumn('number', 'Time (ms)');
data.addRows(22);
data.setCell(0, 0, 0)
data.setCell(0, 1, 'doPayment')
data.setCell(0, 2, 'com.Remosys.Wevend.TestLayer.TestGumBallPage')
data.setCell(0, 3, 22087);
data.setCell(1, 0, 1)
data.setCell(1, 1, 'doPayment')
data.setCell(1, 2, 'com.Remosys.Wevend.TestLayer.TestHabcoPage')
data.setCell(1, 3, 21970);
data.setCell(2, 0, 2)
data.setCell(2, 1, 'verifySuccessPage')
data.setCell(2, 2, 'com.Remosys.Wevend.TestLayer.TestWevendStore')
data.setCell(2, 3, 21234);
data.setCell(3, 0, 3)
data.setCell(3, 1, 'verifyCountdownTimerPage')
data.setCell(3, 2, 'com.Remosys.Wevend.TestLayer.TestCarwash')
data.setCell(3, 3, 21193);
data.setCell(4, 0, 4)
data.setCell(4, 1, 'verifyAddtocartFunctionality')
data.setCell(4, 2, 'com.Remosys.Wevend.TestLayer.TestGumBallPage')
data.setCell(4, 3, 6166);
data.setCell(5, 0, 5)
data.setCell(5, 1, 'verifyPaymentGateway')
data.setCell(5, 2, 'com.Remosys.Wevend.TestLayer.TestWevendStore')
data.setCell(5, 3, 5070);
data.setCell(6, 0, 6)
data.setCell(6, 1, 'verifyAddTocart')
data.setCell(6, 2, 'com.Remosys.Wevend.TestLayer.TestWevendStore')
data.setCell(6, 3, 4277);
data.setCell(7, 0, 7)
data.setCell(7, 1, 'navigatePaymentPage')
data.setCell(7, 2, 'com.Remosys.Wevend.TestLayer.TestHabcoPage')
data.setCell(7, 3, 3989);
data.setCell(8, 0, 8)
data.setCell(8, 1, 'navigatePaymentPage')
data.setCell(8, 2, 'com.Remosys.Wevend.TestLayer.TestGumBallPage')
data.setCell(8, 3, 3290);
data.setCell(9, 0, 9)
data.setCell(9, 1, 'verifyAmountSelection')
data.setCell(9, 2, 'com.Remosys.Wevend.TestLayer.TestCarwash')
data.setCell(9, 3, 2791);
data.setCell(10, 0, 10)
data.setCell(10, 1, 'verifyCheckoutPage')
data.setCell(10, 2, 'com.Remosys.Wevend.TestLayer.TestWevendStore')
data.setCell(10, 3, 2553);
data.setCell(11, 0, 11)
data.setCell(11, 1, 'verifyAddtocartFunctionality')
data.setCell(11, 2, 'com.Remosys.Wevend.TestLayer.TestHabcoPage')
data.setCell(11, 3, 2255);
data.setCell(12, 0, 12)
data.setCell(12, 1, 'navigateCheckoutPageTest')
data.setCell(12, 2, 'com.Remosys.Wevend.TestLayer.TestGumBallPage')
data.setCell(12, 3, 1410);
data.setCell(13, 0, 13)
data.setCell(13, 1, 'verifyHabcoLaunch')
data.setCell(13, 2, 'com.Remosys.Wevend.TestLayer.TestHabcoPage')
data.setCell(13, 3, 1356);
data.setCell(14, 0, 14)
data.setCell(14, 1, 'verifyGumballLaunch')
data.setCell(14, 2, 'com.Remosys.Wevend.TestLayer.TestGumBallPage')
data.setCell(14, 3, 1189);
data.setCell(15, 0, 15)
data.setCell(15, 1, 'verifylaunchCarWash')
data.setCell(15, 2, 'com.Remosys.Wevend.TestLayer.TestCarwash')
data.setCell(15, 3, 1187);
data.setCell(16, 0, 16)
data.setCell(16, 1, 'navigateCheckoutPageTest')
data.setCell(16, 2, 'com.Remosys.Wevend.TestLayer.TestHabcoPage')
data.setCell(16, 3, 1128);
data.setCell(17, 0, 17)
data.setCell(17, 1, 'verifyWevendLaunch')
data.setCell(17, 2, 'com.Remosys.Wevend.TestLayer.TestWevendStore')
data.setCell(17, 3, 1106);
data.setCell(18, 0, 18)
data.setCell(18, 1, 'verifyPaymentGatewaypage')
data.setCell(18, 2, 'com.Remosys.Wevend.TestLayer.TestCarwash')
data.setCell(18, 3, 732);
data.setCell(19, 0, 19)
data.setCell(19, 1, 'verifySuccessPage')
data.setCell(19, 2, 'com.Remosys.Wevend.TestLayer.TestHabcoPage')
data.setCell(19, 3, 1);
data.setCell(20, 0, 20)
data.setCell(20, 1, 'verifySuccessPage')
data.setCell(20, 2, 'com.Remosys.Wevend.TestLayer.TestGumBallPage')
data.setCell(20, 3, 0);
data.setCell(21, 0, 21)
data.setCell(21, 1, 'verifySuccessfulPaymentPage')
data.setCell(21, 2, 'com.Remosys.Wevend.TestLayer.TestCarwash')
data.setCell(21, 3, 0);
window.suiteTableData['Suite']= { tableData: data, tableDiv: 'times-div-Suite'}
return data;
}
              </script>
              <span class="suite-total-time">Total running time: 2 minutes</span>
              <div id="times-div-Suite">
              </div> <!-- times-div-Suite -->
            </div> <!-- times-div -->
          </div> <!-- main-panel-content rounded-window-bottom -->
        </div> <!-- panel -->
        <div panel-name="reporter-Suite" class="panel">
          <div class="main-panel-header rounded-window-top">
            <span class="header-content">Reporter output for Suite</span>
          </div> <!-- main-panel-header rounded-window-top -->
          <div class="main-panel-content rounded-window-bottom">
          </div> <!-- main-panel-content rounded-window-bottom -->
        </div> <!-- panel -->
        <div panel-name="ignored-methods-Suite" class="panel">
          <div class="main-panel-header rounded-window-top">
            <span class="header-content">6 ignored methods</span>
          </div> <!-- main-panel-header rounded-window-top -->
          <div class="main-panel-content rounded-window-bottom">
            <div class="ignored-class-div">
              <span class="ignored-class-name">com.Remosys.Wevend.TestLayer.TestCarwash</span>
              <div class="ignored-methods-div">
                <span class="ignored-method-name">closeReporter</span>
                <br/>
                <span class="ignored-method-name">startReporter</span>
                <br/>
              </div> <!-- ignored-methods-div -->
            </div> <!-- ignored-class-div -->
            <div class="ignored-class-div">
              <span class="ignored-class-name">com.Remosys.Wevend.TestLayer.TestGumBallPage</span>
              <div class="ignored-methods-div">
                <span class="ignored-method-name">closeReporter</span>
                <br/>
                <span class="ignored-method-name">startReporter</span>
                <br/>
              </div> <!-- ignored-methods-div -->
            </div> <!-- ignored-class-div -->
            <div class="ignored-class-div">
              <span class="ignored-class-name">com.Remosys.Wevend.TestLayer.TestHabcoPage</span>
              <div class="ignored-methods-div">
                <span class="ignored-method-name">closeReporter</span>
                <br/>
                <span class="ignored-method-name">startReporter</span>
                <br/>
              </div> <!-- ignored-methods-div -->
            </div> <!-- ignored-class-div -->
          </div> <!-- main-panel-content rounded-window-bottom -->
        </div> <!-- panel -->
        <div panel-name="chronological-Suite" class="panel">
          <div class="main-panel-header rounded-window-top">
            <span class="header-content">Methods in chronological order</span>
          </div> <!-- main-panel-header rounded-window-top -->
          <div class="main-panel-content rounded-window-bottom">
            <div class="chronological-class">
              <div class="chronological-class-name">com.Remosys.Wevend.TestLayer.TestWevendStore</div> <!-- chronological-class-name -->
              <div class="configuration-suite before">
                <span class="method-name">startReporter</span>
                <span class="method-start">0 ms</span>
              </div> <!-- configuration-suite before -->
              <div class="configuration-class before">
                <span class="method-name">setUp(chrome)</span>
                <span class="method-start">233 ms</span>
              </div> <!-- configuration-class before -->
              <div class="test-method">
                <span class="method-name">verifyWevendLaunch</span>
                <span class="method-start">4461 ms</span>
              </div> <!-- test-method -->
              <div class="configuration-method after">
                <span class="method-name">testResult([TestResult name=verifyWevendLaunch status=SUCCESS method=TestWevendStore.verifyWevendLaunch()[pri:0...)</span>
                <span class="method-start">5574 ms</span>
              </div> <!-- configuration-method after -->
              <div class="test-method">
                <span class="method-name">verifyAddTocart</span>
                <span class="method-start">5596 ms</span>
              </div> <!-- test-method -->
              <div class="configuration-method after">
                <span class="method-name">testResult([TestResult name=verifyAddTocart status=SUCCESS method=TestWevendStore.verifyAddTocart()[pri:0, inst...)</span>
                <span class="method-start">9874 ms</span>
              </div> <!-- configuration-method after -->
              <div class="test-method">
                <span class="method-name">verifyCheckoutPage</span>
                <span class="method-start">9875 ms</span>
              </div> <!-- test-method -->
              <div class="configuration-method after">
                <span class="method-name">testResult([TestResult name=verifyCheckoutPage status=SUCCESS method=TestWevendStore.verifyCheckoutPage()[pri:0...)</span>
                <span class="method-start">12429 ms</span>
              </div> <!-- configuration-method after -->
              <div class="test-method">
                <span class="method-name">verifyPaymentGateway</span>
                <span class="method-start">12430 ms</span>
              </div> <!-- test-method -->
              <div class="configuration-method after">
                <span class="method-name">testResult([TestResult name=verifyPaymentGateway status=SUCCESS method=TestWevendStore.verifyPaymentGateway()[p...)</span>
                <span class="method-start">17501 ms</span>
              </div> <!-- configuration-method after -->
              <div class="test-method">
                <img src="failed.png">
                </img>
                <span class="method-name">verifySuccessPage</span>
                <span class="method-start">17503 ms</span>
              </div> <!-- test-method -->
              <div class="configuration-method after">
                <span class="method-name">testResult([TestResult name=verifySuccessPage status=FAILURE method=TestWevendStore.verifySuccessPage()[pri:0, ...)</span>
                <span class="method-start">38740 ms</span>
              </div> <!-- configuration-method after -->
              <div class="configuration-class after">
                <span class="method-name">close</span>
                <span class="method-start">38878 ms</span>
              </div> <!-- configuration-class after -->
            </div> <!-- chronological-class -->
            <div class="chronological-class">
              <div class="chronological-class-name">com.Remosys.Wevend.TestLayer.TestCarwash</div> <!-- chronological-class-name -->
              <div class="configuration-class before">
                <span class="method-name">setUp(chrome)</span>
                <span class="method-start">39382 ms</span>
              </div> <!-- configuration-class before -->
              <div class="test-method">
                <span class="method-name">verifylaunchCarWash</span>
                <span class="method-start">41504 ms</span>
              </div> <!-- test-method -->
              <div class="configuration-method after">
                <span class="method-name">testResult([TestResult name=verifylaunchCarWash status=SUCCESS method=TestCarwash.verifylaunchCarWash()[pri:1, ...)</span>
                <span class="method-start">42691 ms</span>
              </div> <!-- configuration-method after -->
              <div class="test-method">
                <span class="method-name">verifyAmountSelection</span>
                <span class="method-start">42692 ms</span>
              </div> <!-- test-method -->
              <div class="configuration-method after">
                <span class="method-name">testResult([TestResult name=verifyAmountSelection status=SUCCESS method=TestCarwash.verifyAmountSelection()[pri...)</span>
                <span class="method-start">45484 ms</span>
              </div> <!-- configuration-method after -->
              <div class="test-method">
                <span class="method-name">verifyPaymentGatewaypage</span>
                <span class="method-start">45485 ms</span>
              </div> <!-- test-method -->
              <div class="configuration-method after">
                <span class="method-name">testResult([TestResult name=verifyPaymentGatewaypage status=SUCCESS method=TestCarwash.verifyPaymentGatewaypage...)</span>
                <span class="method-start">46218 ms</span>
              </div> <!-- configuration-method after -->
              <div class="test-method">
                <img src="failed.png">
                </img>
                <span class="method-name">verifyCountdownTimerPage</span>
                <span class="method-start">46220 ms</span>
              </div> <!-- test-method -->
              <div class="configuration-method after">
                <span class="method-name">testResult([TestResult name=verifyCountdownTimerPage status=FAILURE method=TestCarwash.verifyCountdownTimerPage...)</span>
                <span class="method-start">67416 ms</span>
              </div> <!-- configuration-method after -->
              <div class="test-method">
                <span class="method-name">verifySuccessfulPaymentPage</span>
                <span class="method-start">67649 ms</span>
              </div> <!-- test-method -->
              <div class="configuration-class after">
                <span class="method-name">close</span>
                <span class="method-start">67650 ms</span>
              </div> <!-- configuration-class after -->
            </div> <!-- chronological-class -->
            <div class="chronological-class">
              <div class="chronological-class-name">com.Remosys.Wevend.TestLayer.TestHabcoPage</div> <!-- chronological-class-name -->
              <div class="configuration-class before">
                <span class="method-name">setUp(chrome)</span>
                <span class="method-start">68027 ms</span>
              </div> <!-- configuration-class before -->
              <div class="test-method">
                <span class="method-name">verifyHabcoLaunch</span>
                <span class="method-start">69920 ms</span>
              </div> <!-- test-method -->
              <div class="configuration-method after">
                <span class="method-name">testResult([TestResult name=verifyHabcoLaunch status=SUCCESS method=TestHabcoPage.verifyHabcoLaunch()[pri:0, in...)</span>
                <span class="method-start">71277 ms</span>
              </div> <!-- configuration-method after -->
              <div class="test-method">
                <span class="method-name">verifyAddtocartFunctionality</span>
                <span class="method-start">71279 ms</span>
              </div> <!-- test-method -->
              <div class="configuration-method after">
                <span class="method-name">testResult([TestResult name=verifyAddtocartFunctionality status=SUCCESS method=TestHabcoPage.verifyAddtocartFun...)</span>
                <span class="method-start">73534 ms</span>
              </div> <!-- configuration-method after -->
              <div class="test-method">
                <span class="method-name">navigateCheckoutPageTest</span>
                <span class="method-start">73535 ms</span>
              </div> <!-- test-method -->
              <div class="configuration-method after">
                <span class="method-name">testResult([TestResult name=navigateCheckoutPageTest status=SUCCESS method=TestHabcoPage.navigateCheckoutPageTe...)</span>
                <span class="method-start">74664 ms</span>
              </div> <!-- configuration-method after -->
              <div class="test-method">
                <span class="method-name">navigatePaymentPage</span>
                <span class="method-start">74666 ms</span>
              </div> <!-- test-method -->
              <div class="configuration-method after">
                <span class="method-name">testResult([TestResult name=navigatePaymentPage status=SUCCESS method=TestHabcoPage.navigatePaymentPage()[pri:0...)</span>
                <span class="method-start">78655 ms</span>
              </div> <!-- configuration-method after -->
              <div class="test-method">
                <img src="failed.png">
                </img>
                <span class="method-name">doPayment</span>
                <span class="method-start">78657 ms</span>
              </div> <!-- test-method -->
              <div class="configuration-method after">
                <span class="method-name">testResult([TestResult name=doPayment status=FAILURE method=TestHabcoPage.doPayment()[pri:0, instance:com.Remos...)</span>
                <span class="method-start">100629 ms</span>
              </div> <!-- configuration-method after -->
              <div class="test-method">
                <span class="method-name">verifySuccessPage</span>
                <span class="method-start">100836 ms</span>
              </div> <!-- test-method -->
              <div class="configuration-class after">
                <span class="method-name">close</span>
                <span class="method-start">100841 ms</span>
              </div> <!-- configuration-class after -->
            </div> <!-- chronological-class -->
            <div class="chronological-class">
              <div class="chronological-class-name">com.Remosys.Wevend.TestLayer.TestGumBallPage</div> <!-- chronological-class-name -->
              <div class="configuration-class before">
                <span class="method-name">setUp(chrome)</span>
                <span class="method-start">101330 ms</span>
              </div> <!-- configuration-class before -->
              <div class="test-method">
                <span class="method-name">verifyGumballLaunch</span>
                <span class="method-start">103349 ms</span>
              </div> <!-- test-method -->
              <div class="configuration-method after">
                <span class="method-name">testResult([TestResult name=verifyGumballLaunch status=SUCCESS method=TestGumBallPage.verifyGumballLaunch()[pri...)</span>
                <span class="method-start">104540 ms</span>
              </div> <!-- configuration-method after -->
              <div class="test-method">
                <span class="method-name">verifyAddtocartFunctionality</span>
                <span class="method-start">104542 ms</span>
              </div> <!-- test-method -->
              <div class="configuration-method after">
                <span class="method-name">testResult([TestResult name=verifyAddtocartFunctionality status=SUCCESS method=TestGumBallPage.verifyAddtocartF...)</span>
                <span class="method-start">110708 ms</span>
              </div> <!-- configuration-method after -->
              <div class="test-method">
                <span class="method-name">navigateCheckoutPageTest</span>
                <span class="method-start">110709 ms</span>
              </div> <!-- test-method -->
              <div class="configuration-method after">
                <span class="method-name">testResult([TestResult name=navigateCheckoutPageTest status=SUCCESS method=TestGumBallPage.navigateCheckoutPage...)</span>
                <span class="method-start">112121 ms</span>
              </div> <!-- configuration-method after -->
              <div class="test-method">
                <span class="method-name">navigatePaymentPage</span>
                <span class="method-start">112123 ms</span>
              </div> <!-- test-method -->
              <div class="configuration-method after">
                <span class="method-name">testResult([TestResult name=navigatePaymentPage status=SUCCESS method=TestGumBallPage.navigatePaymentPage()[pri...)</span>
                <span class="method-start">115414 ms</span>
              </div> <!-- configuration-method after -->
              <div class="test-method">
                <img src="failed.png">
                </img>
                <span class="method-name">doPayment</span>
                <span class="method-start">115415 ms</span>
              </div> <!-- test-method -->
              <div class="configuration-method after">
                <span class="method-name">testResult([TestResult name=doPayment status=FAILURE method=TestGumBallPage.doPayment()[pri:0, instance:com.Rem...)</span>
                <span class="method-start">137503 ms</span>
              </div> <!-- configuration-method after -->
              <div class="test-method">
                <span class="method-name">verifySuccessPage</span>
                <span class="method-start">137698 ms</span>
              </div> <!-- test-method -->
              <div class="configuration-class after">
                <span class="method-name">close</span>
                <span class="method-start">137702 ms</span>
              </div> <!-- configuration-class after -->
            </div> <!-- chronological-class -->
            <div class="chronological-class">
              <div class="chronological-class-name">com.Remosys.Wevend.TestLayer.TestWevendStore</div> <!-- chronological-class-name -->
              <div class="configuration-suite after">
                <span class="method-name">closeReporter</span>
                <span class="method-start">138264 ms</span>
              </div> <!-- configuration-suite after -->
          </div> <!-- main-panel-content rounded-window-bottom -->
        </div> <!-- panel -->
      </div> <!-- main-panel-root -->
    </div> <!-- wrapper -->
  </body>
<script type="text/javascript" src="testng-reports2.js"></script>
</html>
